Algoritmo;Tamanho;Caso;Tempo(s);Comparacoes;Trocas
InsertionString;1000;Medio;0.000790;245601;245603
InsertionString;1000;Melhor;0.000012;999;999
InsertionString;1000;Pior;0.001576;499500;500499
Etiópia
Rebeca
abalançarias
abandonaríeis
abastecê
aboletasses
abordou
abrandeis
absolvejais
acalma

InsertionString;2000;Medio;0.003213;1016487;1016490
InsertionString;2000;Melhor;0.000022;1999;1999
InsertionString;2000;Pior;0.006276;1999000;2000999
InsertionString;3000;Medio;0.007300;2277906;2277910
InsertionString;3000;Melhor;0.000034;2999;2999
InsertionString;3000;Pior;0.015092;4498500;4501499
InsertionString;4000;Medio;0.014056;4088219;4088223
InsertionString;4000;Melhor;0.000045;3999;3999
InsertionString;4000;Pior;0.027305;7998000;8001999
InsertionString;5000;Medio;0.021039;6330819;6330823
InsertionString;5000;Melhor;0.000056;4999;4999
InsertionString;5000;Pior;0.038906;12497500;12502499
InsertionString;6000;Medio;0.028552;9159286;9159290
InsertionString;6000;Melhor;0.000061;5999;5999
InsertionString;6000;Pior;0.056027;17997000;18002999
InsertionString;7000;Medio;0.038895;12478336;12478340
InsertionString;7000;Melhor;0.000072;6999;6999
InsertionString;7000;Pior;0.076062;24496500;24503499
InsertionString;8000;Medio;0.051156;16315673;16315678
InsertionString;8000;Melhor;0.000082;7999;7999
InsertionString;8000;Pior;0.099350;31996000;32003999
InsertionString;9000;Medio;0.064390;20717242;20717247
InsertionString;9000;Melhor;0.000092;8999;8999
InsertionString;9000;Pior;0.125628;40495500;40504499
InsertionString;10000;Medio;0.079071;25449756;25449761
InsertionString;10000;Melhor;0.000101;9999;9999
InsertionString;10000;Pior;0.156143;49995000;50004999
InsertionString;11000;Medio;0.096728;30786687;30786693
InsertionString;11000;Melhor;0.000113;10999;10999
InsertionString;11000;Pior;0.190562;60494500;60505499
InsertionString;12000;Medio;0.116327;36734696;36734702
InsertionString;12000;Melhor;0.000123;11999;11999
InsertionString;12000;Pior;0.438239;71994000;72005999
InsertionString;13000;Medio;0.453011;42880694;42880700
InsertionString;13000;Melhor;0.000455;12999;12999
InsertionString;13000;Pior;0.901539;84493500;84506499
InsertionString;14000;Medio;0.526954;49852324;49852330
InsertionString;14000;Melhor;0.000484;13999;13999
InsertionString;14000;Pior;1.031692;97993000;98006999
InsertionString;15000;Medio;0.602154;57113963;57113969
InsertionString;15000;Melhor;0.000520;14999;14999
InsertionString;15000;Pior;0.624004;112492500;112507499
InsertionString;16000;Medio;0.207303;64719413;64719419
InsertionString;16000;Melhor;0.000163;15999;15999
InsertionString;16000;Pior;0.399923;127992000;128007999
InsertionString;17000;Medio;0.234272;73079856;73079862
InsertionString;17000;Melhor;0.000174;16999;16999
InsertionString;17000;Pior;0.453417;144491500;144508499
InsertionString;18000;Medio;0.258575;81895211;81895217
InsertionString;18000;Melhor;0.000184;17999;17999
InsertionString;18000;Pior;0.509765;161991000;162008999
InsertionString;19000;Medio;0.289406;91105111;91105117
InsertionString;19000;Melhor;0.000194;18999;18999
InsertionString;19000;Pior;0.618891;180490500;180509499
InsertionString;20000;Medio;0.369859;100938691;100938697
InsertionString;20000;Melhor;0.000226;19999;19999
InsertionString;20000;Pior;0.689470;199990000;200009999
InsertionString;21000;Medio;0.395095;111067515;111067521
InsertionString;21000;Melhor;0.000235;20999;20999
InsertionString;21000;Pior;0.732224;220489500;220510499
InsertionString;22000;Medio;0.387482;121462742;121462748
InsertionString;22000;Melhor;0.000224;21999;21999
InsertionString;22000;Pior;0.796480;241989000;242010998
InsertionString;23000;Medio;0.436892;132654325;132654331
InsertionString;23000;Melhor;0.000235;22999;22999
InsertionString;23000;Pior;0.872009;264488500;264511498
InsertionString;24000;Medio;0.470398;144592429;144592435
InsertionString;24000;Melhor;0.000250;23999;23999
InsertionString;24000;Pior;3.060755;287988000;288011998
InsertionString;25000;Medio;1.364390;157085025;157085031
InsertionString;25000;Melhor;0.000256;24999;24999
InsertionString;25000;Pior;1.061493;312487500;312512498
Inse